<?xml version="1.0" encoding="UTF-8"?>
<testsuite xmlns:xsi="http://www.w3.org/2001/XMLSchema-instance" xsi:noNamespaceSchemaLocation="https://maven.apache.org/surefire/maven-surefire-plugin/xsd/surefire-test-report-3.0.xsd" version="3.0" name="vn.tayjava.service.JwtServiceTest" time="0.257" tests="3" errors="0" skipped="0" failures="0">
  <properties>
[...]
</properties>
  <testcase name="generateRefreshToken" classname="vn.tayjava.service.JwtServiceTest" time="0.091">
    <system-out><![CDATA[2025-03-21T20:35:16.410+07:00  INFO 17288 --- [backend-service] [           main] t.c.s.AnnotationConfigContextLoaderUtils : Could not detect default configuration classes for test class [vn.tayjava.service.JwtServiceTest]: JwtServiceTest does not declare any static, non-private, non-final, nested classes annotated with @Configuration.
2025-03-21T20:35:16.444+07:00  INFO 17288 --- [backend-service] [           main] .b.t.c.SpringBootTestContextBootstrapper : Found @SpringBootConfiguration vn.tayjava.BackendServiceApplication for test class vn.tayjava.service.JwtServiceTest
]]></system-out>
  </testcase>
  <testcase name="testExtractUsername_Success" classname="vn.tayjava.service.JwtServiceTest" time="0.017"/>
  <testcase name="testGenerateAccessToken_Success" classname="vn.tayjava.service.JwtServiceTest" time="0.057"/>
</testsuite>